<?xml version="1.0" encoding="UTF-8"?>
<!-- Generated by org.testng.reporters.JUnitReportReporter -->
<testsuite hostname="govind-PC" failures="0" tests="1" name="Test_First" time="4.868" errors="0" timestamp="03 Oct 2018 18:00:15 GMT" skipped="0">
  <testcase classname="Test_First" name="test" time="4.868"/>
</testsuite> <!-- Test_First -->
